Build started 10.05.2013 21:40:06.
     1>Project "C:\Users\user\Desktop\final\Part 2\SVM\SVM\SVM.vcxproj" on node 2 (build target(s)).
     1>InitializeBuildStatus:
         Creating "Debug\VM.unsuccessfulbuild" because "AlwaysCreate" was specified.
       ClCompile:
         C:\Program Files (x86)\Microsoft Visual Studio 10.0\VC\bin\CL.exe /c /ZI /nologo /W3 /WX- /Od /Oy- /D WIN32 /D _DEBUG /D _CONSOLE /D _UNICODE /D UNICODE /Gm /EHsc /RTC1 /MDd /GS /fp:precise /Zc:wchar_t /Zc:forScope /Fo"Debug\\" /Fd"Debug\vc100.pdb" /Gd /TP /analyze- /errorReport:prompt kernel.cpp
         kernel.cpp
     1>c:\users\user\desktop\final\part 2\svm\svm\kernel.cpp(241): warning C4018: '<' : signed/unsigned mismatch
     1>c:\users\user\desktop\final\part 2\svm\svm\kernel.cpp(245): warning C4018: '>=' : signed/unsigned mismatch
     1>c:\users\user\desktop\final\part 2\svm\svm\kernel.cpp(246): warning C4018: '<' : signed/unsigned mismatch
       Link:
         C:\Program Files (x86)\Microsoft Visual Studio 10.0\VC\bin\link.exe /ERRORREPORT:PROMPT /OUT:"C:\Users\user\Desktop\final\Part 2\SVM\Debug\VM.exe" /NOLOGO kernel32.lib user32.lib gdi32.lib winspool.lib comdlg32.lib advapi32.lib shell32.lib ole32.lib oleaut32.lib uuid.lib odbc32.lib odbccp32.lib /MANIFEST /ManifestFile:"Debug\VM.exe.intermediate.manifest" /MANIFESTUAC:"level='asInvoker' uiAccess='false'" /DEBUG /PDB:"C:\Users\user\Desktop\final\Part 2\SVM\Debug\VM.pdb" /SUBSYSTEM:CONSOLE /TLBID:1 /DYNAMICBASE /NXCOMPAT /IMPLIB:"C:\Users\user\Desktop\final\Part 2\SVM\Debug\VM.lib" /MACHINE:X86 Debug\cpu.obj
         Debug\kernel.obj
         Debug\machine.obj
         Debug\mmu.obj
         Debug\pic.obj
         Debug\pit.obj
         Debug\process.obj
         Debug\vm.obj
         LINK : C:\Users\user\Desktop\final\Part 2\SVM\Debug\VM.exe not found or not built by the last incremental link; performing full link
         SVM.vcxproj -> C:\Users\user\Desktop\final\Part 2\SVM\Debug\VM.exe
       Manifest:
         C:\Program Files (x86)\Microsoft SDKs\Windows\v7.0A\bin\mt.exe /nologo /verbose /outputresource:"C:\Users\user\Desktop\final\Part 2\SVM\Debug\VM.exe;#1" /manifest Debug\VM.exe.intermediate.manifest
       FinalizeBuildStatus:
         Deleting file "Debug\VM.unsuccessfulbuild".
         Touching "Debug\VM.lastbuildstate".
     1>Done Building Project "C:\Users\user\Desktop\final\Part 2\SVM\SVM\SVM.vcxproj" (build target(s)).

Build succeeded.

Time Elapsed 00:00:02.16
